  Map.cpp
C:\Users\neron\OneDrive\Documents\GitHub\AI-In-Games\Ai Labs\AI Pathfinding\AI Pathfinding\Map.cpp(59,31): warning C4244: '=': conversion from 'int' to 'float', possible loss of data
C:\Users\neron\OneDrive\Documents\GitHub\AI-In-Games\Ai Labs\AI Pathfinding\AI Pathfinding\Map.cpp(60,31): warning C4244: '=': conversion from 'int' to 'float', possible loss of data
C:\Users\neron\OneDrive\Documents\GitHub\AI-In-Games\Ai Labs\AI Pathfinding\AI Pathfinding\Map.cpp(134,61): warning C4244: 'argument': conversion from 'const int' to 'T', possible loss of data
          with
          [
              T=float
          ]
C:\Users\neron\OneDrive\Documents\GitHub\AI-In-Games\Ai Labs\AI Pathfinding\AI Pathfinding\Map.cpp(134,49): warning C4244: 'argument': conversion from 'const int' to 'T', possible loss of data
          with
          [
              T=float
          ]
C:\Users\neron\OneDrive\Documents\GitHub\AI-In-Games\Ai Labs\AI Pathfinding\AI Pathfinding\Map.cpp(138,49): warning C4244: 'argument': conversion from 'int' to 'float', possible loss of data
C:\Users\neron\OneDrive\Documents\GitHub\AI-In-Games\Ai Labs\AI Pathfinding\AI Pathfinding\Map.cpp(138,31): warning C4244: 'argument': conversion from 'int' to 'float', possible loss of data
C:\Users\neron\OneDrive\Documents\GitHub\AI-In-Games\Ai Labs\AI Pathfinding\AI Pathfinding\Map.cpp(142,61): warning C4244: 'argument': conversion from 'const int' to 'T', possible loss of data
          with
          [
              T=float
          ]
C:\Users\neron\OneDrive\Documents\GitHub\AI-In-Games\Ai Labs\AI Pathfinding\AI Pathfinding\Map.cpp(142,49): warning C4244: 'argument': conversion from 'const int' to 'T', possible loss of data
          with
          [
              T=float
          ]
C:\Users\neron\OneDrive\Documents\GitHub\AI-In-Games\Ai Labs\AI Pathfinding\AI Pathfinding\Map.cpp(146,49): warning C4244: 'argument': conversion from 'int' to 'float', possible loss of data
C:\Users\neron\OneDrive\Documents\GitHub\AI-In-Games\Ai Labs\AI Pathfinding\AI Pathfinding\Map.cpp(146,31): warning C4244: 'argument': conversion from 'int' to 'float', possible loss of data
C:\Users\neron\OneDrive\Documents\GitHub\AI-In-Games\Ai Labs\AI Pathfinding\AI Pathfinding\Map.cpp(150,61): warning C4244: 'argument': conversion from 'const int' to 'T', possible loss of data
          with
          [
              T=float
          ]
C:\Users\neron\OneDrive\Documents\GitHub\AI-In-Games\Ai Labs\AI Pathfinding\AI Pathfinding\Map.cpp(150,49): warning C4244: 'argument': conversion from 'const int' to 'T', possible loss of data
          with
          [
              T=float
          ]
C:\Users\neron\OneDrive\Documents\GitHub\AI-In-Games\Ai Labs\AI Pathfinding\AI Pathfinding\Map.cpp(154,49): warning C4244: 'argument': conversion from 'int' to 'float', possible loss of data
C:\Users\neron\OneDrive\Documents\GitHub\AI-In-Games\Ai Labs\AI Pathfinding\AI Pathfinding\Map.cpp(154,31): warning C4244: 'argument': conversion from 'int' to 'float', possible loss of data
C:\Users\neron\OneDrive\Documents\GitHub\AI-In-Games\Ai Labs\AI Pathfinding\AI Pathfinding\Map.cpp(158,61): warning C4244: 'argument': conversion from 'const int' to 'T', possible loss of data
          with
          [
              T=float
          ]
C:\Users\neron\OneDrive\Documents\GitHub\AI-In-Games\Ai Labs\AI Pathfinding\AI Pathfinding\Map.cpp(158,49): warning C4244: 'argument': conversion from 'const int' to 'T', possible loss of data
          with
          [
              T=float
          ]
C:\Users\neron\OneDrive\Documents\GitHub\AI-In-Games\Ai Labs\AI Pathfinding\AI Pathfinding\Map.cpp(160,49): warning C4244: 'argument': conversion from 'int' to 'float', possible loss of data
C:\Users\neron\OneDrive\Documents\GitHub\AI-In-Games\Ai Labs\AI Pathfinding\AI Pathfinding\Map.cpp(160,31): warning C4244: 'argument': conversion from 'int' to 'float', possible loss of data
C:\Users\neron\OneDrive\Documents\GitHub\AI-In-Games\Ai Labs\AI Pathfinding\AI Pathfinding\Map.cpp(239,9): warning C4244: 'return': conversion from 'float' to 'int', possible loss of data
C:\Users\neron\OneDrive\Documents\GitHub\AI-In-Games\Ai Labs\AI Pathfinding\AI Pathfinding\Graph.h(84,30): warning C4018: '<': signed/unsigned mismatch
C:\Users\neron\OneDrive\Documents\GitHub\AI-In-Games\Ai Labs\AI Pathfinding\AI Pathfinding\Graph.h(83): message : while compiling class template member function 'Graph<NodeData,int>::~Graph(void)'
C:\Users\neron\OneDrive\Documents\GitHub\AI-In-Games\Ai Labs\AI Pathfinding\AI Pathfinding\Map.cpp(3): message : see reference to function template instantiation 'Graph<NodeData,int>::~Graph(void)' being compiled
C:\Users\neron\OneDrive\Documents\GitHub\AI-In-Games\Ai Labs\AI Pathfinding\AI Pathfinding\Map.h(67): message : see reference to class template instantiation 'Graph<NodeData,int>' being compiled
C:\Users\neron\OneDrive\Documents\GitHub\AI-In-Games\Ai Labs\AI Pathfinding\AI Pathfinding\Graph.h(247,32): warning C4018: '<': signed/unsigned mismatch
C:\Users\neron\OneDrive\Documents\GitHub\AI-In-Games\Ai Labs\AI Pathfinding\AI Pathfinding\Graph.h(246): message : while compiling class template member function 'void Graph<NodeData,int>::clearMarks(void)'
C:\Users\neron\OneDrive\Documents\GitHub\AI-In-Games\Ai Labs\AI Pathfinding\AI Pathfinding\Map.cpp(48): message : see reference to function template instantiation 'void Graph<NodeData,int>::clearMarks(void)' being compiled
C:\Users\neron\OneDrive\Documents\GitHub\AI-In-Games\Ai Labs\AI Pathfinding\AI Pathfinding\Graph.h(514,28): warning C4018: '<': signed/unsigned mismatch
C:\Users\neron\OneDrive\Documents\GitHub\AI-In-Games\Ai Labs\AI Pathfinding\AI Pathfinding\Graph.h(513): message : while compiling class template member function 'void Graph<NodeData,int>::nodeCosts(GraphNode<NodeData,int> *)'
C:\Users\neron\OneDrive\Documents\GitHub\AI-In-Games\Ai Labs\AI Pathfinding\AI Pathfinding\Map.cpp(223): message : see reference to function template instantiation 'void Graph<NodeData,int>::nodeCosts(GraphNode<NodeData,int> *)' being compiled
  AI Pathfinding.vcxproj -> C:\Users\neron\OneDrive\Documents\GitHub\AI-In-Games\Ai Labs\AI Pathfinding\Debug\AI Pathfinding.exe
