  Behaviours.cpp
C:\Users\Mohammad Alhourani\Documents\GitHub\AI-lab1-movement-systems\AI Lab\AI Lab\Behaviours.cpp(78,23): warning C4244: 'argument': conversion from 'int' to 'float', possible loss of data
C:\Users\Mohammad Alhourani\Documents\GitHub\AI-lab1-movement-systems\AI Lab\AI Lab\Behaviours.cpp(246,55): warning C4244: 'argument': conversion from 'int' to 'T', possible loss of data
          with
          [
              T=float
          ]
C:\Users\Mohammad Alhourani\Documents\GitHub\AI-lab1-movement-systems\AI Lab\AI Lab\Behaviours.cpp(246,32): warning C4244: 'argument': conversion from 'int' to 'T', possible loss of data
          with
          [
              T=float
          ]
C:\Users\Mohammad Alhourani\Documents\GitHub\AI-lab1-movement-systems\AI Lab\AI Lab\Behaviours.cpp(253,37): warning C4244: 'argument': conversion from 'int' to 'float', possible loss of data
  Enemy.cpp
C:\Users\Mohammad Alhourani\Documents\GitHub\AI-lab1-movement-systems\AI Lab\AI Lab\Enemy.cpp(52,60): warning C4244: 'argument': conversion from 'int' to 'T', possible loss of data
          with
          [
              T=float
          ]
C:\Users\Mohammad Alhourani\Documents\GitHub\AI-lab1-movement-systems\AI Lab\AI Lab\Enemy.cpp(52,37): warning C4244: 'argument': conversion from 'int' to 'T', possible loss of data
          with
          [
              T=float
          ]
C:\Users\Mohammad Alhourani\Documents\GitHub\AI-lab1-movement-systems\AI Lab\AI Lab\Enemy.cpp(72,60): warning C4244: 'argument': conversion from 'int' to 'T', possible loss of data
          with
          [
              T=float
          ]
C:\Users\Mohammad Alhourani\Documents\GitHub\AI-lab1-movement-systems\AI Lab\AI Lab\Enemy.cpp(72,37): warning C4244: 'argument': conversion from 'int' to 'T', possible loss of data
          with
          [
              T=float
          ]
C:\Users\Mohammad Alhourani\Documents\GitHub\AI-lab1-movement-systems\AI Lab\AI Lab\Enemy.cpp(206,60): warning C4244: 'argument': conversion from 'int' to 'T', possible loss of data
          with
          [
              T=float
          ]
C:\Users\Mohammad Alhourani\Documents\GitHub\AI-lab1-movement-systems\AI Lab\AI Lab\Enemy.cpp(206,37): warning C4244: 'argument': conversion from 'int' to 'T', possible loss of data
          with
          [
              T=float
          ]
  Game.cpp
C:\Users\Mohammad Alhourani\Documents\GitHub\AI-lab1-movement-systems\AI Lab\AI Lab\Game.cpp(130,20): warning C4018: '<': signed/unsigned mismatch
C:\Users\Mohammad Alhourani\Documents\GitHub\AI-lab1-movement-systems\AI Lab\AI Lab\Game.cpp(149,20): warning C4018: '<': signed/unsigned mismatch
  Player.cpp
C:\Users\Mohammad Alhourani\Documents\GitHub\AI-lab1-movement-systems\AI Lab\AI Lab\Player.cpp(49,58): warning C4244: 'argument': conversion from 'int' to 'T', possible loss of data
          with
          [
              T=float
          ]
C:\Users\Mohammad Alhourani\Documents\GitHub\AI-lab1-movement-systems\AI Lab\AI Lab\Player.cpp(49,35): warning C4244: 'argument': conversion from 'int' to 'T', possible loss of data
          with
          [
              T=float
          ]
  main.cpp
C:\Users\Mohammad Alhourani\Documents\GitHub\AI-lab1-movement-systems\AI Lab\AI Lab\main.cpp(32,22): warning C4244: 'argument': conversion from 'time_t' to 'unsigned int', possible loss of data
  Generating Code...
  AI Lab.vcxproj -> C:\Users\Mohammad Alhourani\Documents\GitHub\AI-lab1-movement-systems\AI Lab\Debug\AI Lab.exe
